<?xml version="1.0" encoding="UTF-8"?>
<testng-results skipped="0" failed="0" total="2" passed="2">
  <reporter-output>
    <line>
      <![CDATA[Suite Execution startsSun Apr 07 17:03:07 IST 2019]]>
    </line>
    <line>
      <![CDATA[Chrome Launched]]>
    </line>
    <line>
      <![CDATA[http://127.0.0.1/login.doURL navigated]]>
    </line>
    <line>
      <![CDATA[ValidLoginscript start executingSun Apr 07 17:03:15 IST 2019]]>
    </line>
    <line>
      <![CDATA[Home page is verified]]>
    </line>
    <line>
      <![CDATA[Home page title is verified]]>
    </line>
    <line>
      <![CDATA[ValidLoginscript is passed]]>
    </line>
    <line>
      <![CDATA[Browser closed]]>
    </line>
    <line>
      <![CDATA[Chrome Launched]]>
    </line>
    <line>
      <![CDATA[http://127.0.0.1/login.doURL navigated]]>
    </line>
    <line>
      <![CDATA[InvalidLoginscript start executingSun Apr 07 17:03:34 IST 2019]]>
    </line>
    <line>
      <![CDATA[invalid login error message is verified]]>
    </line>
    <line>
      <![CDATA[InvalidLoginscript is passed]]>
    </line>
    <line>
      <![CDATA[Browser closed]]>
    </line>
  </reporter-output>
  <suite name="Suite" duration-ms="29832" started-at="2019-04-07T11:33:07Z" finished-at="2019-04-07T11:33:37Z">
    <groups>
    </groups>
    <test name="Test" duration-ms="29832" started-at="2019-04-07T11:33:07Z" finished-at="2019-04-07T11:33:37Z">
      <class name="com.actitime.scripts.LoginTest">
        <test-method status="PASS" signature="precondition(java.lang.String, java.lang.String)[pri:0, instance:com.actitime.scripts.LoginTest@16c0663d]" name="precondition" is-config="true" duration-ms="7618" started-at="2019-04-07T17:03:07Z" finished-at="2019-04-07T17:03:15Z">
          <params>
            <param index="0">
              <value>
                <![CDATA[chrome]]>
              </value>
            </param>
            <param index="1">
              <value>
                <![CDATA[http://127.0.0.1/login.do]]>
              </value>
            </param>
          </params>
          <reporter-output>
            <line>
              <![CDATA[Chrome Launched]]>
            </line>
            <line>
              <![CDATA[http://127.0.0.1/login.doURL navigated]]>
            </line>
          </reporter-output>
        </test-method> <!-- precondition -->
        <test-method status="PASS" signature="ValidLogin()[pri:1, instance:com.actitime.scripts.LoginTest@16c0663d]" name="ValidLogin" duration-ms="11823" started-at="2019-04-07T17:03:15Z" finished-at="2019-04-07T17:03:26Z">
          <reporter-output>
            <line>
              <![CDATA[Home page is verified]]>
            </line>
            <line>
              <![CDATA[Home page title is verified]]>
            </line>
            <line>
              <![CDATA[ValidLoginscript is passed]]>
            </line>
          </reporter-output>
        </test-method> <!-- ValidLogin -->
        <test-method status="PASS" signature="postCondition()[pri:0, instance:com.actitime.scripts.LoginTest@16c0663d]" name="postCondition" is-config="true" duration-ms="3268" started-at="2019-04-07T17:03:26Z" finished-at="2019-04-07T17:03:30Z">
          <reporter-output>
            <line>
              <![CDATA[Browser closed]]>
            </line>
          </reporter-output>
        </test-method> <!-- postCondition -->
        <test-method status="PASS" signature="precondition(java.lang.String, java.lang.String)[pri:0, instance:com.actitime.scripts.LoginTest@16c0663d]" name="precondition" is-config="true" duration-ms="4299" started-at="2019-04-07T17:03:30Z" finished-at="2019-04-07T17:03:34Z">
          <params>
            <param index="0">
              <value>
                <![CDATA[chrome]]>
              </value>
            </param>
            <param index="1">
              <value>
                <![CDATA[http://127.0.0.1/login.do]]>
              </value>
            </param>
          </params>
          <reporter-output>
            <line>
              <![CDATA[Chrome Launched]]>
            </line>
            <line>
              <![CDATA[http://127.0.0.1/login.doURL navigated]]>
            </line>
          </reporter-output>
        </test-method> <!-- precondition -->
        <test-method status="PASS" signature="InvalidLogin()[pri:2, instance:com.actitime.scripts.LoginTest@16c0663d]" name="InvalidLogin" duration-ms="1675" started-at="2019-04-07T17:03:34Z" finished-at="2019-04-07T17:03:36Z">
          <reporter-output>
            <line>
              <![CDATA[invalid login error message is verified]]>
            </line>
            <line>
              <![CDATA[InvalidLoginscript is passed]]>
            </line>
          </reporter-output>
        </test-method> <!-- InvalidLogin -->
        <test-method status="PASS" signature="postCondition()[pri:0, instance:com.actitime.scripts.LoginTest@16c0663d]" name="postCondition" is-config="true" duration-ms="1029" started-at="2019-04-07T17:03:36Z" finished-at="2019-04-07T17:03:37Z">
          <reporter-output>
            <line>
              <![CDATA[Browser closed]]>
            </line>
          </reporter-output>
        </test-method> <!-- postCondition -->
      </class> <!-- com.actitime.scripts.LoginTest -->
    </test> <!-- Test -->
  </suite> <!-- Suite -->
</testng-results>
